{
  "RSpec": {
    "coverage": {
      "/Users/henriquebreim/oop_ruby/lib/book.rb": {
        "lines": [
          null,
          null,
          1,
          1,
          null,
          1,
          131,
          131,
          131,
          null,
          null,
          1,
          1,
          null,
          null
        ]
      },
      "/Users/henriquebreim/oop_ruby/lib/library.rb": {
        "lines": [
          null,
          null,
          1,
          1,
          null,
          1,
          5,
          null,
          null,
          1,
          1,
          null,
          null,
          1,
          1,
          null,
          null,
          1,
          2,
          36,
          6,
          null,
          2,
          null,
          null,
          1,
          1,
          null,
          null
        ]
      },
      "/Users/henriquebreim/oop_ruby/lib/shelf.rb": {
        "lines": [
          null,
          null,
          1,
          1,
          null,
          1,
          24,
          24,
          null,
          null,
          1,
          2,
          null,
          null,
          1,
          1,
          null,
          null,
          1,
          7,
          null,
          null
        ]
      },
      "/Users/henriquebreim/oop_ruby/spec/lib/book_spec.rb": {
        "lines": [
          null,
          null,
          1,
          6,
          null,
          1,
          1,
          null,
          null,
          1,
          1,
          null,
          null,
          1,
          1,
          null,
          null,
          1,
          1,
          null,
          null,
          1,
          1,
          null,
          null
        ]
      },
      "/Users/henriquebreim/oop_ruby/spec/lib/library_spec.rb": {
        "lines": [
          null,
          null,
          1,
          6,
          5,
          4,
          2,
          null,
          1,
          1,
          1,
          null,
          null,
          1,
          1,
          1,
          null,
          null,
          1,
          1,
          1,
          null,
          null,
          1,
          1,
          1,
          1,
          null,
          null,
          1,
          1,
          1,
          null,
          null,
          null,
          1,
          1,
          null,
          null
        ]
      },
      "/Users/henriquebreim/oop_ruby/spec/lib/shelf_spec.rb": {
        "lines": [
          null,
          null,
          1,
          6,
          3,
          null,
          1,
          1,
          null,
          null,
          1,
          1,
          null,
          null,
          1,
          1,
          1,
          null,
          null,
          1,
          1,
          1,
          null,
          null,
          1,
          1,
          null,
          null
        ]
      },
      "/Users/henriquebreim/oop_ruby/spec/factories/books.rb": {
        "lines": [
          null,
          null,
          1,
          1,
          131,
          131,
          131,
          null,
          132,
          null,
          null
        ]
      },
      "/Users/henriquebreim/oop_ruby/spec/factories/libraries.rb": {
        "lines": [
          null,
          null,
          1,
          1,
          1,
          6,
          null,
          null,
          1,
          5,
          null,
          null,
          null
        ]
      },
      "/Users/henriquebreim/oop_ruby/spec/factories/shelfs.rb": {
        "lines": [
          null,
          null,
          1,
          1,
          25,
          null,
          1,
          25,
          null,
          null,
          1,
          24,
          null,
          null,
          null
        ]
      }
    },
    "timestamp": 1707870746
  }
}
